<?xml version="1.0" encoding="UTF-8"?>
<!-- Generated by org.testng.reporters.JUnitReportReporter -->
<testsuite skipped="0" hostname="LAPTOP-1I94V6E8" name="TestCheckoutRunner" tests="1" failures="0" timestamp="19 Jun 2022 13:31:02 GMT" time="230.728" errors="0">
  <testcase name="test1" time="230.728" classname="TestCheckoutRunner"/>
</testsuite> <!-- TestCheckoutRunner -->
